Added Component: Designator=C1(0805C)
Add component. Clean all parameters for all variants
Added Component: Designator=C2(0805C)
Add component. Clean all parameters for all variants
Added Component: Designator=C3(0805C)
Add component. Clean all parameters for all variants
Added Component: Designator=C4(0805C)
Add component. Clean all parameters for all variants
Added Component: Designator=C5(0805C)
Add component. Clean all parameters for all variants
Added Component: Designator=C6(0805C)
Add component. Clean all parameters for all variants
Added Component: Designator=C7(0805C)
Add component. Clean all parameters for all variants
Added Component: Designator=C8(0805C)
Add component. Clean all parameters for all variants
Added Component: Designator=C9(0805)
Add component. Clean all parameters for all variants
Added Component: Designator=C10(0805)
Add component. Clean all parameters for all variants
Added Component: Designator=C11(0805)
Add component. Clean all parameters for all variants
Added Component: Designator=C12(0805)
Add component. Clean all parameters for all variants
Added Component: Designator=C13(0805)
Add component. Clean all parameters for all variants
Added Component: Designator=C14(0805)
Add component. Clean all parameters for all variants
Added Component: Designator=C15(0805)
Add component. Clean all parameters for all variants
Added Component: Designator=C16(0805C)
Add component. Clean all parameters for all variants
Added Component: Designator=C17(0805C)
Add component. Clean all parameters for all variants
Added Component: Designator=C18(0805C)
Add component. Clean all parameters for all variants
Added Component: Designator=C19(0805C)
Add component. Clean all parameters for all variants
Added Component: Designator=C20(0805C)
Add component. Clean all parameters for all variants
Added Component: Designator=C21(0805C)
Add component. Clean all parameters for all variants
Added Component: Designator=C22(0805C)
Add component. Clean all parameters for all variants
Added Component: Designator=C23(0805C)
Add component. Clean all parameters for all variants
Added Component: Designator=C24(0805C)
Add component. Clean all parameters for all variants
Added Component: Designator=C25(0805C)
Add component. Clean all parameters for all variants
Added Component: Designator=C26(0805C)
Add component. Clean all parameters for all variants
Added Component: Designator=C27(0805C)
Add component. Clean all parameters for all variants
Added Component: Designator=C28(0805C)
Add component. Clean all parameters for all variants
Added Component: Designator=C29(0805C)
Add component. Clean all parameters for all variants
Added Component: Designator=C30(0805C)
Add component. Clean all parameters for all variants
Added Component: Designator=C31(0805C)
Add component. Clean all parameters for all variants
Added Component: Designator=C32(0805C)
Add component. Clean all parameters for all variants
Added Component: Designator=C33(0805C)
Add component. Clean all parameters for all variants
Added Component: Designator=C34(0805C)
Add component. Clean all parameters for all variants
Added Component: Designator=C35(0805C)
Add component. Clean all parameters for all variants
Added Component: Designator=C36(0805C)
Add component. Clean all parameters for all variants
Added Component: Designator=C37(0805C)
Add component. Clean all parameters for all variants
Added Component: Designator=C38(0805C)
Add component. Clean all parameters for all variants
Added Component: Designator=C39(0805C)
Add component. Clean all parameters for all variants
Added Component: Designator=C40(0805C)
Add component. Clean all parameters for all variants
Added Component: Designator=C41(0805)
Add component. Clean all parameters for all variants
Added Component: Designator=C42(0805)
Add component. Clean all parameters for all variants
Added Component: Designator=C44(0805)
Add component. Clean all parameters for all variants
Added Component: Designator=C45(0805)
Add component. Clean all parameters for all variants
Added Component: Designator=C46(0805)
Add component. Clean all parameters for all variants
Added Component: Designator=C47(0805)
Add component. Clean all parameters for all variants
Added Component: Designator=C48(0805)
Add component. Clean all parameters for all variants
Added Component: Designator=C49(0805)
Add component. Clean all parameters for all variants
Added Component: Designator=C50(0805)
Add component. Clean all parameters for all variants
Added Component: Designator=C53(0805)
Add component. Clean all parameters for all variants
Added Component: Designator=CAT1(SOT-23-5)
Add component. Clean all parameters for all variants
Added Component: Designator=D1(LED5-BLUE)
Add component. Clean all parameters for all variants
Added Component: Designator=D2(LED5-BLUE)
Add component. Clean all parameters for all variants
Added Component: Designator=D3(LED5-BLUE)
Add component. Clean all parameters for all variants
Added Component: Designator=D4(DO-15)
Add component. Clean all parameters for all variants
Added Component: Designator=F1(FUSE-1210)
Add component. Clean all parameters for all variants
Added Component: Designator=F2(FUSE-1210)
Add component. Clean all parameters for all variants
Added Component: Designator=J1(Pin HDR1X5/2mm-W)
Add component. Clean all parameters for all variants
Added Component: Designator=J2(Fe-HDR1X4/2.54-S)
Add component. Clean all parameters for all variants
Added Component: Designator=J3(Fe-HDR1X4/2.54-S)
Add component. Clean all parameters for all variants
Added Component: Designator=J4(Fe-HDR1X4/2.54-S)
Add component. Clean all parameters for all variants
Added Component: Designator=J5(Fe-HDR2X9/2.54-S)
Add component. Clean all parameters for all variants
Added Component: Designator=J6(Fe-HDR2X20/2.54-S)
Add component. Clean all parameters for all variants
Added Component: Designator=J7(Fe-HDR2X20/2.54-S)
Add component. Clean all parameters for all variants
Added Component: Designator=J9(Pin HDR1X6/2.54mm-S)
Add component. Clean all parameters for all variants
Added Component: Designator=K1(DIP-3X6X4.3)
Add component. Clean all parameters for all variants
Added Component: Designator=K2(DIP-3X6X4.3)
Add component. Clean all parameters for all variants
Added Component: Designator=K3(DIP-3X6X4.3)
Add component. Clean all parameters for all variants
Added Component: Designator=K4(DIP-3X6X4.3)
Add component. Clean all parameters for all variants
Added Component: Designator=K4(DIP-3X6X4.3)
Add component. Clean all parameters for all variants
Added Component: Designator=L1(AL0204)
Add component. Clean all parameters for all variants
Added Component: Designator=R1(0805)
Add component. Clean all parameters for all variants
Added Component: Designator=R2(0805)
Add component. Clean all parameters for all variants
Added Component: Designator=R3(0805)
Add component. Clean all parameters for all variants
Added Component: Designator=R4(0805)
Add component. Clean all parameters for all variants
Added Component: Designator=R5(0805)
Add component. Clean all parameters for all variants
Added Component: Designator=R9(0805)
Add component. Clean all parameters for all variants
Added Component: Designator=R10(0805)
Add component. Clean all parameters for all variants
Added Component: Designator=R11(0805)
Add component. Clean all parameters for all variants
Added Component: Designator=R12(0805)
Add component. Clean all parameters for all variants
Added Component: Designator=R13(0805)
Add component. Clean all parameters for all variants
Added Component: Designator=R14(0805)
Add component. Clean all parameters for all variants
Added Component: Designator=R15(0805)
Add component. Clean all parameters for all variants
Added Component: Designator=R16(0805)
Add component. Clean all parameters for all variants
Added Component: Designator=R18(0805)
Add component. Clean all parameters for all variants
Added Component: Designator=R19(0805)
Add component. Clean all parameters for all variants
Added Component: Designator=R20(0805)
Add component. Clean all parameters for all variants
Added Component: Designator=R21(0805)
Add component. Clean all parameters for all variants
Added Component: Designator=R22(0805)
Add component. Clean all parameters for all variants
Added Component: Designator=R23(0805)
Add component. Clean all parameters for all variants
Added Component: Designator=SD1(Micro SD)
Add component. Clean all parameters for all variants
Added Component: Designator=U1(BGA265C80P17X17_1400X1400X110)
Add component. Clean all parameters for all variants
Added Component: Designator=U2(632723100011)
Add component. Clean all parameters for all variants
Add component (AddParameter): Name = "Arrow Part Number"; Value = ""; VariantName = "[No Variations]"
Add component (AddParameter): Name = "Arrow Price/Stock"; Value = ""; VariantName = "[No Variations]"
Add component (AddParameter): Name = "Datasheet Link"; Value = "https://componentsearchengine.com/Datasheets/1/632723100011.pdf"; VariantName = "[No Variations]"
Add component (AddParameter): Name = "Height"; Value = "3.11mm"; VariantName = "[No Variations]"
Add component (AddParameter): Name = "Manufacturer_Name"; Value = "Wurth Elektronik"; VariantName = "[No Variations]"
Add component (AddParameter): Name = "Manufacturer_Part_Number"; Value = "632723100011"; VariantName = "[No Variations]"
Add component (AddParameter): Name = "Mouser Part Number"; Value = "710-632723100011"; VariantName = "[No Variations]"
Add component (AddParameter): Name = "Mouser Price/Stock"; Value = "https://www.mouser.co.uk/ProductDetail/Wurth-Elektronik/632723100011?qs=NK6InXoXhq4o62C9ULXLjQ%3D%3D"; VariantName = "[No Variations]"
Added Component: Designator=U3(SOT-23-5)
Add component. Clean all parameters for all variants
Added Component: Designator=U4(SOT-23)
Add component. Clean all parameters for all variants
Added Component: Designator=X1(OSC HC-49S)
Add component. Clean all parameters for all variants
Added Component: Designator=X2(OSC 1612-4P)
Add component. Clean all parameters for all variants
Added Pin To Net: NetName=3V3 Pin=C16-2
Added Pin To Net: NetName=3V3 Pin=C17-2
Added Pin To Net: NetName=3V3 Pin=C18-2
Added Pin To Net: NetName=3V3 Pin=C19-2
Added Pin To Net: NetName=3V3 Pin=C20-2
Added Pin To Net: NetName=3V3 Pin=C21-2
Added Pin To Net: NetName=3V3 Pin=C22-2
Added Pin To Net: NetName=3V3 Pin=C23-2
Added Pin To Net: NetName=3V3 Pin=C24-2
Added Pin To Net: NetName=3V3 Pin=C25-2
Added Pin To Net: NetName=3V3 Pin=C26-2
Added Pin To Net: NetName=3V3 Pin=C27-2
Added Pin To Net: NetName=3V3 Pin=C28-2
Added Pin To Net: NetName=3V3 Pin=C29-2
Added Pin To Net: NetName=3V3 Pin=C30-2
Added Pin To Net: NetName=3V3 Pin=C31-2
Added Pin To Net: NetName=3V3 Pin=C32-2
Added Pin To Net: NetName=3V3 Pin=C33-2
Added Pin To Net: NetName=3V3 Pin=C34-2
Added Pin To Net: NetName=3V3 Pin=C35-2
Added Pin To Net: NetName=3V3 Pin=C36-2
Added Pin To Net: NetName=3V3 Pin=C37-2
Added Pin To Net: NetName=3V3 Pin=C38-2
Added Pin To Net: NetName=3V3 Pin=C39-2
Added Pin To Net: NetName=3V3 Pin=C40-2
Added Pin To Net: NetName=3V3 Pin=C44-2
Added Pin To Net: NetName=3V3 Pin=C45-2
Added Pin To Net: NetName=3V3 Pin=C46-2
Added Pin To Net: NetName=3V3 Pin=C47-2
Added Pin To Net: NetName=3V3 Pin=C48-2
Added Pin To Net: NetName=3V3 Pin=C49-2
Added Pin To Net: NetName=3V3 Pin=C50-2
Added Pin To Net: NetName=3V3 Pin=C53-1
Added Pin To Net: NetName=3V3 Pin=F1-2
Added Pin To Net: NetName=3V3 Pin=J1-2
Added Pin To Net: NetName=3V3 Pin=J2-4
Added Pin To Net: NetName=3V3 Pin=J3-4
Added Pin To Net: NetName=3V3 Pin=J4-4
Added Pin To Net: NetName=3V3 Pin=J5-17
Added Pin To Net: NetName=3V3 Pin=J9-2
Added Pin To Net: NetName=3V3 Pin=K1-3
Added Pin To Net: NetName=3V3 Pin=K2-3
Added Pin To Net: NetName=3V3 Pin=K3-3
Added Pin To Net: NetName=3V3 Pin=R1-2
Added Pin To Net: NetName=3V3 Pin=R2-2
Added Pin To Net: NetName=3V3 Pin=R3-2
Added Pin To Net: NetName=3V3 Pin=R4-2
Added Pin To Net: NetName=3V3 Pin=R16-1
Added Pin To Net: NetName=3V3 Pin=R18-1
Added Pin To Net: NetName=3V3 Pin=R19-2
Added Pin To Net: NetName=3V3 Pin=R20-2
Added Pin To Net: NetName=3V3 Pin=R21-2
Added Pin To Net: NetName=3V3 Pin=R22-2
Added Pin To Net: NetName=3V3 Pin=R23-2
Added Pin To Net: NetName=3V3 Pin=SD1-4
Added Pin To Net: NetName=3V3 Pin=U1-A6
Added Pin To Net: NetName=3V3 Pin=U1-C17
Added Pin To Net: NetName=3V3 Pin=U1-E6
Added Pin To Net: NetName=3V3 Pin=U1-E9
Added Pin To Net: NetName=3V3 Pin=U1-E11
Added Pin To Net: NetName=3V3 Pin=U1-F5
Added Pin To Net: NetName=3V3 Pin=U1-F17
Added Pin To Net: NetName=3V3 Pin=U1-G5
Added Pin To Net: NetName=3V3 Pin=U1-G13
Added Pin To Net: NetName=3V3 Pin=U1-G17
Added Pin To Net: NetName=3V3 Pin=U1-H5
Added Pin To Net: NetName=3V3 Pin=U1-H13
Added Pin To Net: NetName=3V3 Pin=U1-J13
Added Pin To Net: NetName=3V3 Pin=U1-K5
Added Pin To Net: NetName=3V3 Pin=U1-K13
Added Pin To Net: NetName=3V3 Pin=U1-L5
Added Pin To Net: NetName=3V3 Pin=U1-L13
Added Pin To Net: NetName=3V3 Pin=U1-M5
Added Pin To Net: NetName=3V3 Pin=U1-M13
Added Pin To Net: NetName=3V3 Pin=U1-N7
Added Pin To Net: NetName=3V3 Pin=U1-N8
Added Pin To Net: NetName=3V3 Pin=U1-N10
Added Pin To Net: NetName=3V3 Pin=U1-N11
Added Pin To Net: NetName=3V3 Pin=U1-N12
Added Pin To Net: NetName=3V3 Pin=U1-P17
Added Pin To Net: NetName=3V3 Pin=U1-U12
Added Pin To Net: NetName=3V3 Pin=U4-2
Added Net: Name=3V3
Added Pin To Net: NetName=5V Pin=C42-1
Added Pin To Net: NetName=5V Pin=CAT1-4
Added Pin To Net: NetName=5V Pin=D4-A
Added Pin To Net: NetName=5V Pin=K4-3
Added Pin To Net: NetName=5V Pin=L1-1
Added Pin To Net: NetName=5V Pin=U4-3
Added Net: Name=5V
Added Pin To Net: NetName=BOOT0 Pin=U1-E8
Added Net: Name=BOOT0
Added Pin To Net: NetName=DCMI D0 Pin=J5-12
Added Net: Name=DCMI D0
Added Pin To Net: NetName=DCMI D1 Pin=J5-9
Added Net: Name=DCMI D1
Added Pin To Net: NetName=DCMI D2 Pin=J5-10
Added Net: Name=DCMI D2
Added Pin To Net: NetName=DCMI D3 Pin=J5-7
Added Net: Name=DCMI D3
Added Pin To Net: NetName=DCMI D4 Pin=J5-8
Added Net: Name=DCMI D4
Added Pin To Net: NetName=DCMI D5 Pin=J5-5
Added Net: Name=DCMI D5
Added Pin To Net: NetName=DCMI D6 Pin=J5-6
Added Net: Name=DCMI D6
Added Pin To Net: NetName=DCMI D7 Pin=J5-3
Added Net: Name=DCMI D7
Added Pin To Net: NetName=DCMI HREF Pin=J5-13
Added Net: Name=DCMI HREF
Added Pin To Net: NetName=DCMI HSYNC Pin=U1-T13
Added Net: Name=DCMI HSYNC
Added Pin To Net: NetName=DCMI PCLK Pin=J5-4
Added Net: Name=DCMI PCLK
Added Pin To Net: NetName=DCMI PWDN Pin=J5-2
Added Net: Name=DCMI PWDN
Added Pin To Net: NetName=DCMI RESET Pin=J5-11
Added Net: Name=DCMI RESET
Added Pin To Net: NetName=DCMI SCL Pin=J5-16
Added Net: Name=DCMI SCL
Added Pin To Net: NetName=DCMI SDA Pin=J5-14
Added Net: Name=DCMI SDA
Added Pin To Net: NetName=DCMI VSYNC Pin=J5-15
Added Pin To Net: NetName=DCMI VSYNC Pin=U1-A10
Added Net: Name=DCMI VSYNC
Added Pin To Net: NetName=DCMI XCLK Pin=J5-1
Added Net: Name=DCMI XCLK
Added Pin To Net: NetName=FB OUT Pin=C9-1
Added Pin To Net: NetName=FB OUT Pin=C10-1
Added Pin To Net: NetName=FB OUT Pin=C11-1
Added Pin To Net: NetName=FB OUT Pin=C12-1
Added Pin To Net: NetName=FB OUT Pin=F1-1
Added Pin To Net: NetName=FB OUT Pin=U1-L1
Added Pin To Net: NetName=FB OUT Pin=U1-M1
Added Net: Name=FB OUT
Added Pin To Net: NetName=FMC  A0 Pin=U1-G4
Added Net: Name=FMC  A0
Added Pin To Net: NetName=FMC  A1 Pin=U1-G3
Added Net: Name=FMC  A1
Added Pin To Net: NetName=FMC  A2 Pin=U1-G1
Added Net: Name=FMC  A2
Added Pin To Net: NetName=FMC  A3 Pin=U1-H4
Added Net: Name=FMC  A3
Added Pin To Net: NetName=FMC  A4 Pin=U1-J5
Added Net: Name=FMC  A4
Added Pin To Net: NetName=FMC  A5 Pin=U1-J4
Added Net: Name=FMC  A5
Added Pin To Net: NetName=FMC  A6 Pin=U1-R7
Added Net: Name=FMC  A6
Added Pin To Net: NetName=FMC  A7 Pin=U1-P7
Added Net: Name=FMC  A7
Added Pin To Net: NetName=FMC  A8 Pin=U1-P8
Added Net: Name=FMC  A8
Added Pin To Net: NetName=FMC  A9 Pin=U1-R9
Added Net: Name=FMC  A9
Added Pin To Net: NetName=FMC  A10 Pin=U1-T8
Added Net: Name=FMC  A10
Added Pin To Net: NetName=FMC  A11 Pin=U1-U8
Added Net: Name=FMC  A11
Added Pin To Net: NetName=FMC  A12 Pin=U1-H16
Added Net: Name=FMC  A12
Added Pin To Net: NetName=FMC  BA0 Pin=U1-H14
Added Net: Name=FMC  BA0
Added Pin To Net: NetName=FMC  BA1 Pin=U1-G14
Added Net: Name=FMC  BA1
Added Pin To Net: NetName=FMC D0 Pin=U1-P16
Added Net: Name=FMC D0
Added Pin To Net: NetName=FMC D1 Pin=U1-P15
Added Net: Name=FMC D1
Added Pin To Net: NetName=FMC D2 Pin=U1-D13
Added Net: Name=FMC D2
Added Pin To Net: NetName=FMC D3 Pin=U1-E12
Added Net: Name=FMC D3
Added Pin To Net: NetName=FMC  D4 Pin=U1-U9
Added Net: Name=FMC  D4
Added Net: Name=FMC D4
Added Pin To Net: NetName=FMC  D5 Pin=U1-T9
Added Net: Name=FMC  D5
Added Net: Name=FMC D5
Added Pin To Net: NetName=FMC  D6 Pin=U1-P9
Added Net: Name=FMC  D6
Added Net: Name=FMC D6
Added Pin To Net: NetName=FMC  D7 Pin=U1-N9
Added Net: Name=FMC  D7
Added Net: Name=FMC D7
Added Pin To Net: NetName=FMC  D8 Pin=U1-P10
Added Net: Name=FMC  D8
Added Net: Name=FMC D8
Added Pin To Net: NetName=FMC  D9 Pin=U1-R10
Added Net: Name=FMC  D9
Added Net: Name=FMC D9
Added Pin To Net: NetName=FMC  D10 Pin=U1-T10
Added Net: Name=FMC  D10
Added Net: Name=FMC D10
Added Pin To Net: NetName=FMC  D11 Pin=U1-U10
Added Net: Name=FMC  D11
Added Net: Name=FMC D11
Added Pin To Net: NetName=FMC  D12 Pin=U1-R11
Added Net: Name=FMC  D12
Added Net: Name=FMC D12
Added Pin To Net: NetName=FMC D13 Pin=U1-U16
Added Net: Name=FMC D13
Added Pin To Net: NetName=FMC D14 Pin=U1-T17
Added Net: Name=FMC D14
Added Pin To Net: NetName=FMC D15 Pin=U1-T16
Added Net: Name=FMC D15
Added Net: Name=FMC  NBL0
Added Net: Name=FMC  NBL1
Added Pin To Net: NetName=FMC SDCKE0 Pin=U1-M4
Added Net: Name=FMC SDCKE0
Added Pin To Net: NetName=FMC  SDCLK Pin=U1-F15
Added Net: Name=FMC  SDCLK
Added Pin To Net: NetName=FMC  SDNCAS Pin=U1-D6
Added Net: Name=FMC  SDNCAS
Added Pin To Net: NetName=FMC SDNE0 Pin=U1-M3
Added Net: Name=FMC SDNE0
Added Pin To Net: NetName=FMC  SDNRAS Pin=U1-T7
Added Net: Name=FMC  SDNRAS
Added Pin To Net: NetName=FMC SDNWE Pin=U1-L2
Added Net: Name=FMC SDNWE
Added Pin To Net: NetName=KEY1 Pin=R9-1
Added Net: Name=KEY1
Added Pin To Net: NetName=KEY2 Pin=R10-1
Added Pin To Net: NetName=KEY2 Pin=U1-B5
Added Net: Name=KEY2
Added Pin To Net: NetName=KEY3 Pin=R11-1
Added Pin To Net: NetName=KEY3 Pin=U1-C5
Added Net: Name=KEY3
Added Pin To Net: NetName=LEDA Pin=C1-2
Added Pin To Net: NetName=LEDA Pin=C2-1
Added Pin To Net: NetName=LEDA Pin=C3-2
Added Pin To Net: NetName=LEDA Pin=C4-2
Added Pin To Net: NetName=LEDA Pin=C5-2
Added Pin To Net: NetName=LEDA Pin=C6-1
Added Pin To Net: NetName=LEDA Pin=C7-1
Added Pin To Net: NetName=LEDA Pin=C8-1
Added Pin To Net: NetName=LEDA Pin=C9-2
Added Pin To Net: NetName=LEDA Pin=C10-2
Added Pin To Net: NetName=LEDA Pin=C11-2
Added Pin To Net: NetName=LEDA Pin=C12-2
Added Pin To Net: NetName=LEDA Pin=C13-1
Added Pin To Net: NetName=LEDA Pin=C14-1
Added Pin To Net: NetName=LEDA Pin=C15-1
Added Pin To Net: NetName=LEDA Pin=C16-1
Added Pin To Net: NetName=LEDA Pin=C17-1
Added Pin To Net: NetName=LEDA Pin=C18-1
Added Pin To Net: NetName=LEDA Pin=C19-1
Added Pin To Net: NetName=LEDA Pin=C20-1
Added Pin To Net: NetName=LEDA Pin=C21-1
Added Pin To Net: NetName=LEDA Pin=C22-1
Added Pin To Net: NetName=LEDA Pin=C23-1
Added Pin To Net: NetName=LEDA Pin=C24-1
Added Pin To Net: NetName=LEDA Pin=C25-1
Added Pin To Net: NetName=LEDA Pin=C26-1
Added Pin To Net: NetName=LEDA Pin=C27-1
Added Pin To Net: NetName=LEDA Pin=C28-1
Added Pin To Net: NetName=LEDA Pin=C29-1
Added Pin To Net: NetName=LEDA Pin=C30-1
Added Pin To Net: NetName=LEDA Pin=C31-1
Added Pin To Net: NetName=LEDA Pin=C32-1
Added Pin To Net: NetName=LEDA Pin=C33-1
Added Pin To Net: NetName=LEDA Pin=C34-1
Added Pin To Net: NetName=LEDA Pin=C35-1
Added Pin To Net: NetName=LEDA Pin=C36-1
Added Pin To Net: NetName=LEDA Pin=C37-1
Added Pin To Net: NetName=LEDA Pin=C38-1
Added Pin To Net: NetName=LEDA Pin=C39-1
Added Pin To Net: NetName=LEDA Pin=C40-1
Added Pin To Net: NetName=LEDA Pin=C41-1
Added Pin To Net: NetName=LEDA Pin=C42-2
Added Pin To Net: NetName=LEDA Pin=C44-1
Added Pin To Net: NetName=LEDA Pin=C45-1
Added Pin To Net: NetName=LEDA Pin=C46-1
Added Pin To Net: NetName=LEDA Pin=C47-1
Added Pin To Net: NetName=LEDA Pin=C48-1
Added Pin To Net: NetName=LEDA Pin=C49-1
Added Pin To Net: NetName=LEDA Pin=C50-1
Added Pin To Net: NetName=LEDA Pin=C53-2
Added Pin To Net: NetName=LEDA Pin=CAT1-2
Added Pin To Net: NetName=LEDA Pin=D1-K
Added Pin To Net: NetName=LEDA Pin=J1-1
Added Pin To Net: NetName=LEDA Pin=J2-3
Added Pin To Net: NetName=LEDA Pin=J3-3
Added Pin To Net: NetName=LEDA Pin=J4-3
Added Pin To Net: NetName=LEDA Pin=J5-18
Added Pin To Net: NetName=LEDA Pin=J9-3
Added Pin To Net: NetName=LEDA Pin=K4-3
Added Pin To Net: NetName=LEDA Pin=R5-2
Added Pin To Net: NetName=LEDA Pin=R12-1
Added Pin To Net: NetName=LEDA Pin=R13-2
Added Pin To Net: NetName=LEDA Pin=R15-2
Added Pin To Net: NetName=LEDA Pin=SD1-6
Added Pin To Net: NetName=LEDA Pin=U1-A1
Added Pin To Net: NetName=LEDA Pin=U1-A17
Added Pin To Net: NetName=LEDA Pin=U1-B2
Added Pin To Net: NetName=LEDA Pin=U1-B6
Added Pin To Net: NetName=LEDA Pin=U1-C10
Added Pin To Net: NetName=LEDA Pin=U1-C13
Added Pin To Net: NetName=LEDA Pin=U1-C16
Added Pin To Net: NetName=LEDA Pin=U1-G7
Added Pin To Net: NetName=LEDA Pin=U1-G8
Added Pin To Net: NetName=LEDA Pin=U1-G9
Added Pin To Net: NetName=LEDA Pin=U1-G10
Added Pin To Net: NetName=LEDA Pin=U1-G11
Added Pin To Net: NetName=LEDA Pin=U1-G16
Added Pin To Net: NetName=LEDA Pin=U1-H7
Added Pin To Net: NetName=LEDA Pin=U1-H8
Added Pin To Net: NetName=LEDA Pin=U1-H9
Added Pin To Net: NetName=LEDA Pin=U1-H10
Added Pin To Net: NetName=LEDA Pin=U1-H11
Added Pin To Net: NetName=LEDA Pin=U1-J3
Added Pin To Net: NetName=LEDA Pin=U1-J7
Added Pin To Net: NetName=LEDA Pin=U1-J8
Added Pin To Net: NetName=LEDA Pin=U1-J9
Added Pin To Net: NetName=LEDA Pin=U1-J10
Added Pin To Net: NetName=LEDA Pin=U1-J11
Added Pin To Net: NetName=LEDA Pin=U1-J16
Added Pin To Net: NetName=LEDA Pin=U1-J17
Added Pin To Net: NetName=LEDA Pin=U1-K7
Added Pin To Net: NetName=LEDA Pin=U1-K8
Added Pin To Net: NetName=LEDA Pin=U1-K9
Added Pin To Net: NetName=LEDA Pin=U1-K10
Added Pin To Net: NetName=LEDA Pin=U1-K11
Added Pin To Net: NetName=LEDA Pin=U1-K15
Added Pin To Net: NetName=LEDA Pin=U1-L7
Added Pin To Net: NetName=LEDA Pin=U1-L8
Added Pin To Net: NetName=LEDA Pin=U1-L9
Added Pin To Net: NetName=LEDA Pin=U1-L10
Added Pin To Net: NetName=LEDA Pin=U1-L11
Added Pin To Net: NetName=LEDA Pin=U1-L15
Added Pin To Net: NetName=LEDA Pin=U1-M15
Added Pin To Net: NetName=LEDA Pin=U1-N1
Added Pin To Net: NetName=LEDA Pin=U1-N16
Added Pin To Net: NetName=LEDA Pin=U1-P1
Added Pin To Net: NetName=LEDA Pin=U1-R4
Added Pin To Net: NetName=LEDA Pin=U1-R8
Added Pin To Net: NetName=LEDA Pin=U1-T12
Added Pin To Net: NetName=LEDA Pin=U1-U1
Added Pin To Net: NetName=LEDA Pin=U1-U17
Added Pin To Net: NetName=LEDA Pin=U3-2
Added Pin To Net: NetName=LEDA Pin=U4-1
Added Pin To Net: NetName=LEDA Pin=X2-2
Added Pin To Net: NetName=LEDA Pin=X2-4
Added Net: Name=LEDA
Added Net: Name=LEDK
Added Pin To Net: NetName=LED Pin=D2-K
Added Pin To Net: NetName=LED Pin=U1-E3
Added Net: Name=LED
Added Pin To Net: NetName=LTDC  B0 Pin=U1-D11
Added Net: Name=LTDC  B0
Added Pin To Net: NetName=LTDC  B1 Pin=U1-E10
Added Net: Name=LTDC  B1
Added Pin To Net: NetName=LTDC  B2 Pin=U1-D10
Added Net: Name=LTDC  B2
Added Pin To Net: NetName=LTDC  B3 Pin=U1-B10
Added Net: Name=LTDC  B3
Added Pin To Net: NetName=LTDC  B4 Pin=U1-C8
Added Net: Name=LTDC  B4
Added Pin To Net: NetName=LTDC  B5 Pin=U1-B8
Added Net: Name=LTDC  B5
Added Pin To Net: NetName=LTDC  B6 Pin=U1-A8
Added Net: Name=LTDC  B6
Added Pin To Net: NetName=LTDC  B7 Pin=U1-C7
Added Net: Name=LTDC  B7
Added Pin To Net: NetName=LTDC BL Pin=CAT1-5
Added Net: Name=LTDC BL
Added Net: Name=LTDC CLK
Added Pin To Net: NetName=LTDC  DCLK Pin=U1-H3
Added Net: Name=LTDC  DCLK
Added Pin To Net: NetName=LTDC DE Pin=U1-D7
Added Net: Name=LTDC DE
Added Pin To Net: NetName=LTDC  G0 Pin=U1-N14
Added Net: Name=LTDC  G0
Added Pin To Net: NetName=LTDC  G1 Pin=U1-N13
Added Net: Name=LTDC  G1
Added Pin To Net: NetName=LTDC  G2 Pin=U1-M14
Added Net: Name=LTDC  G2
Added Pin To Net: NetName=LTDC  G3 Pin=U1-L14
Added Net: Name=LTDC  G3
Added Pin To Net: NetName=LTDC  G4 Pin=U1-K14
Added Net: Name=LTDC  G4
Added Pin To Net: NetName=LTDC  G5 Pin=U1-J14
Added Net: Name=LTDC  G5
Added Pin To Net: NetName=LTDC  G6 Pin=U1-J15
Added Net: Name=LTDC  G6
Added Pin To Net: NetName=LTDC  G7 Pin=U1-H17
Added Net: Name=LTDC  G7
Added Pin To Net: NetName=LTDC  HS Pin=U1-H1
Added Net: Name=LTDC  HS
Added Pin To Net: NetName=LTDC  R0 Pin=U1-P5
Added Net: Name=LTDC  R0
Added Pin To Net: NetName=LTDC  R1 Pin=U1-N6
Added Net: Name=LTDC  R1
Added Pin To Net: NetName=LTDC  R2 Pin=U1-P6
Added Net: Name=LTDC  R2
Added Pin To Net: NetName=LTDC  R3 Pin=U1-T6
Added Net: Name=LTDC  R3
Added Pin To Net: NetName=LTDC  R4 Pin=U1-U6
Added Net: Name=LTDC  R4
Added Pin To Net: NetName=LTDC  R5 Pin=U1-U7
Added Net: Name=LTDC  R5
Added Pin To Net: NetName=LTDC  R6 Pin=U1-R12
Added Net: Name=LTDC  R6
Added Pin To Net: NetName=LTDC  R7 Pin=U1-N15
Added Net: Name=LTDC  R7
Added Pin To Net: NetName=LTDC  VS Pin=U1-H2
Added Net: Name=LTDC  VS
Added Net: Name=LTDC VS
Added Pin To Net: NetName=NetC1_1 Pin=C1-1
Added Pin To Net: NetName=NetC1_1 Pin=U1-C2
Added Pin To Net: NetName=NetC1_1 Pin=X1-2
Added Net: Name=NetC1_1
Added Pin To Net: NetName=NetC2_2 Pin=C2-2
Added Pin To Net: NetName=NetC2_2 Pin=U1-C1
Added Pin To Net: NetName=NetC2_2 Pin=X1-1
Added Net: Name=NetC2_2
Added Pin To Net: NetName=NetC3_1 Pin=C3-1
Added Pin To Net: NetName=NetC3_1 Pin=U1-J2
Added Pin To Net: NetName=NetC3_1 Pin=X2-1
Added Net: Name=NetC3_1
Added Pin To Net: NetName=NetC4_1 Pin=C4-1
Added Pin To Net: NetName=NetC4_1 Pin=U1-J1
Added Pin To Net: NetName=NetC4_1 Pin=X2-3
Added Net: Name=NetC4_1
Added Pin To Net: NetName=NetC6_2 Pin=C6-2
Added Pin To Net: NetName=NetC6_2 Pin=K1-1
Added Pin To Net: NetName=NetC6_2 Pin=R9-2
Added Net: Name=NetC6_2
Added Pin To Net: NetName=NetC7_2 Pin=C7-2
Added Pin To Net: NetName=NetC7_2 Pin=K2-1
Added Pin To Net: NetName=NetC7_2 Pin=R10-2
Added Net: Name=NetC7_2
Added Pin To Net: NetName=NetC8_2 Pin=C8-2
Added Pin To Net: NetName=NetC8_2 Pin=K3-1
Added Pin To Net: NetName=NetC8_2 Pin=R11-2
Added Net: Name=NetC8_2
Added Pin To Net: NetName=NetC13_2 Pin=C13-2
Added Pin To Net: NetName=NetC13_2 Pin=U1-A7
Added Net: Name=NetC13_2
Added Pin To Net: NetName=NetC14_2 Pin=C14-2
Added Pin To Net: NetName=NetC14_2 Pin=U1-D17
Added Net: Name=NetC14_2
Added Pin To Net: NetName=NetC15_2 Pin=C15-2
Added Pin To Net: NetName=NetC15_2 Pin=U1-U11
Added Net: Name=NetC15_2
Added Pin To Net: NetName=NetC41_2 Pin=C41-2
Added Pin To Net: NetName=NetC41_2 Pin=F2-1
Added Pin To Net: NetName=NetC41_2 Pin=U3-1
Added Net: Name=NetC41_2
Added Pin To Net: NetName=NetC52_1 Pin=D4-K
Added Net: Name=NetC52_1
Added Pin To Net: NetName=NetCAT1_1 Pin=CAT1-1
Added Pin To Net: NetName=NetCAT1_1 Pin=L1-2
Added Net: Name=NetCAT1_1
Added Pin To Net: NetName=NetCAT1_3 Pin=CAT1-3
Added Net: Name=NetCAT1_3
Added Pin To Net: NetName=NetF2_2 Pin=F2-2
Added Pin To Net: NetName=NetF2_2 Pin=K4-1
Added Net: Name=NetF2_2
Added Pin To Net: NetName=NetJ8_31 Pin=R16-2
Added Net: Name=NetJ8_31
Added Pin To Net: NetName=NetR4_1 Pin=R4-1
Added Pin To Net: NetName=NetR4_1 Pin=R5-1
Added Pin To Net: NetName=NetR4_1 Pin=U1-E7
Added Net: Name=NetR4_1
Added Pin To Net: NetName=NetR12_2 Pin=R12-2
Added Pin To Net: NetName=NetR12_2 Pin=U2-B5
Added Net: Name=NetR12_2
Added Pin To Net: NetName=NetR13_1 Pin=R13-1
Added Pin To Net: NetName=NetR13_1 Pin=U2-A5
Added Net: Name=NetR13_1
Added Pin To Net: NetName=NetR14_1 Pin=R14-1
Added Pin To Net: NetName=NetR14_1 Pin=U3-4
Added Net: Name=NetR14_1
Added Pin To Net: NetName=NetR15_1 Pin=R15-1
Added Pin To Net: NetName=NetR15_1 Pin=U3-3
Added Net: Name=NetR15_1
Added Pin To Net: NetName=NRST Pin=C5-1
Added Pin To Net: NetName=NRST Pin=D3-K
Added Pin To Net: NetName=NRST Pin=J1-5
Added Pin To Net: NetName=NRST Pin=K4-1
Added Pin To Net: NetName=NRST Pin=U1-K1
Added Net: Name=NRST
Added Pin To Net: NetName=PA0_C Pin=J6-38
Added Pin To Net: NetName=PA0_C Pin=U1-T1
Added Net: Name=PA0_C
Added Pin To Net: NetName=PA0 Pin=J6-36
Added Pin To Net: NetName=PA0 Pin=U1-N5
Added Net: Name=PA0
Added Pin To Net: NetName=PA1_C Pin=J6-40
Added Pin To Net: NetName=PA1_C Pin=U1-T2
Added Net: Name=PA1_C
Added Pin To Net: NetName=PA1 Pin=J6-34
Added Pin To Net: NetName=PA1 Pin=U1-N4
Added Net: Name=PA1
Added Pin To Net: NetName=PA2 Pin=J6-32
Added Pin To Net: NetName=PA2 Pin=U1-N3
Added Net: Name=PA2
Added Pin To Net: NetName=PA3 Pin=J6-30
Added Pin To Net: NetName=PA3 Pin=U1-U2
Added Net: Name=PA3
Added Pin To Net: NetName=PA4 Pin=J6-28
Added Net: Name=PA4
Added Pin To Net: NetName=PA5 Pin=J6-26
Added Net: Name=PA5
Added Pin To Net: NetName=PA6 Pin=J6-24
Added Pin To Net: NetName=PA6 Pin=U1-R3
Added Net: Name=PA6
Added Pin To Net: NetName=PA7 Pin=J6-22
Added Pin To Net: NetName=PA7 Pin=U1-R5
Added Net: Name=PA7
Added Pin To Net: NetName=PA8 Pin=J6-20
Added Net: Name=PA8
Added Net: Name=PA13
Added Pin To Net: NetName=PA14 Pin=J6-18
Added Net: Name=PA14
Added Pin To Net: NetName=PA15 Pin=J6-16
Added Net: Name=PA15
Added Pin To Net: NetName=PB0 Pin=J6-14
Added Net: Name=PB0
Added Pin To Net: NetName=PB1 Pin=J6-12
Added Net: Name=PB1
Added Pin To Net: NetName=PB8 Pin=J6-10
Added Net: Name=PB8
Added Pin To Net: NetName=PB9 Pin=J6-8
Added Net: Name=PB9
Added Pin To Net: NetName=PB10 Pin=J6-6
Added Net: Name=PB10
Added Pin To Net: NetName=PB11 Pin=J6-4
Added Net: Name=PB11
Added Pin To Net: NetName=PB12 Pin=J6-2
Added Net: Name=PB12
Added Pin To Net: NetName=PB13 Pin=J6-1
Added Net: Name=PB13
Added Pin To Net: NetName=PC1 Pin=J6-7
Added Net: Name=PC1
Added Pin To Net: NetName=PC2_C Pin=J6-3
Added Net: Name=PC2_C
Added Pin To Net: NetName=PC3_C Pin=J6-5
Added Net: Name=PC3_C
Added Pin To Net: NetName=PC4 Pin=J6-9
Added Net: Name=PC4
Added Pin To Net: NetName=PC5 Pin=J6-11
Added Pin To Net: NetName=PC5 Pin=U1-U4
Added Net: Name=PC5
Added Pin To Net: NetName=PC8 Pin=J6-13
Added Net: Name=PC8
Added Pin To Net: NetName=PD3 Pin=J6-15
Added Net: Name=PD3
Added Pin To Net: NetName=PD4 Pin=J6-17
Added Net: Name=PD4
Added Pin To Net: NetName=PD5 Pin=J6-19
Added Net: Name=PD5
Added Pin To Net: NetName=PD11 Pin=J6-21
Added Net: Name=PD11
Added Pin To Net: NetName=PD12 Pin=J6-23
Added Pin To Net: NetName=PD12 Pin=U1-D12
Added Net: Name=PD12
Added Pin To Net: NetName=PD13 Pin=J6-25
Added Net: Name=PD13
Added Pin To Net: NetName=PE2 Pin=J6-27
Added Net: Name=PE2
Added Pin To Net: NetName=PE3 Pin=J6-29
Added Net: Name=PE3
Added Pin To Net: NetName=PE5 Pin=J6-31
Added Net: Name=PE5
Added Pin To Net: NetName=PE6 Pin=J6-33
Added Net: Name=PE6
Added Pin To Net: NetName=PG3 Pin=J6-35
Added Net: Name=PG3
Added Pin To Net: NetName=PG7 Pin=J6-37
Added Pin To Net: NetName=PG7 Pin=U1-F16
Added Net: Name=PG7
Added Pin To Net: NetName=PG11 Pin=J6-39
Added Pin To Net: NetName=PG11 Pin=U1-B9
Added Net: Name=PG11
Added Pin To Net: NetName=PG12 Pin=J7-40
Added Net: Name=PG12
Added Pin To Net: NetName=PG13 Pin=J7-38
Added Pin To Net: NetName=PG13 Pin=U1-D9
Added Net: Name=PG13
Added Pin To Net: NetName=PG14 Pin=J7-36
Added Pin To Net: NetName=PG14 Pin=U1-D8
Added Net: Name=PG14
Added Pin To Net: NetName=PH2 Pin=J7-34
Added Pin To Net: NetName=PH2 Pin=U1-N2
Added Net: Name=PH2
Added Pin To Net: NetName=PH3 Pin=J7-32
Added Pin To Net: NetName=PH3 Pin=U1-P2
Added Net: Name=PH3
Added Pin To Net: NetName=PH6 Pin=J7-30
Added Pin To Net: NetName=PH6 Pin=U1-T11
Added Net: Name=PH6
Added Pin To Net: NetName=PH7 Pin=J7-28
Added Pin To Net: NetName=PH7 Pin=U1-U13
Added Net: Name=PH7
Added Pin To Net: NetName=PH9 Pin=J7-26
Added Pin To Net: NetName=PH9 Pin=U1-R13
Added Net: Name=PH9
Added Pin To Net: NetName=PH10 Pin=J7-24
Added Pin To Net: NetName=PH10 Pin=U1-P13
Added Net: Name=PH10
Added Pin To Net: NetName=PH11 Pin=J7-22
Added Pin To Net: NetName=PH11 Pin=U1-P14
Added Net: Name=PH11
Added Pin To Net: NetName=PH12 Pin=J7-20
Added Pin To Net: NetName=PH12 Pin=U1-R14
Added Net: Name=PH12
Added Pin To Net: NetName=PH13 Pin=J7-18
Added Pin To Net: NetName=PH13 Pin=U1-D16
Added Net: Name=PH13
Added Pin To Net: NetName=PH14 Pin=J7-16
Added Pin To Net: NetName=PH14 Pin=U1-B17
Added Net: Name=PH14
Added Pin To Net: NetName=PH15 Pin=J7-14
Added Pin To Net: NetName=PH15 Pin=U1-B16
Added Net: Name=PH15
Added Pin To Net: NetName=PI0 Pin=J7-12
Added Net: Name=PI0
Added Pin To Net: NetName=PI1 Pin=J7-10
Added Pin To Net: NetName=PI1 Pin=U1-A15
Added Net: Name=PI1
Added Pin To Net: NetName=PI2 Pin=J7-8
Added Pin To Net: NetName=PI2 Pin=U1-B15
Added Net: Name=PI2
Added Pin To Net: NetName=PI3 Pin=J7-6
Added Pin To Net: NetName=PI3 Pin=U1-C14
Added Net: Name=PI3
Added Pin To Net: NetName=PI5 Pin=J7-4
Added Pin To Net: NetName=PI5 Pin=U1-A3
Added Net: Name=PI5
Added Pin To Net: NetName=PI8 Pin=J7-2
Added Net: Name=PI8
Added Pin To Net: NetName=PI9 Pin=J7-1
Added Net: Name=PI9
Added Pin To Net: NetName=PI10 Pin=J7-3
Added Net: Name=PI10
Added Pin To Net: NetName=PI11 Pin=J7-5
Added Net: Name=PI11
Added Pin To Net: NetName=QSPI BK1 CLK Pin=U1-R6
Added Net: Name=QSPI BK1 CLK
Added Pin To Net: NetName=QSPI  BK1  IO0 Pin=U1-K4
Added Net: Name=QSPI  BK1  IO0
Added Pin To Net: NetName=QSPI  BK1  IO1 Pin=U1-L4
Added Net: Name=QSPI  BK1  IO1
Added Pin To Net: NetName=QSPI  BK1  IO2 Pin=U1-K3
Added Net: Name=QSPI  BK1  IO2
Added Pin To Net: NetName=QSPI  BK1  IO3 Pin=U1-K2
Added Net: Name=QSPI  BK1  IO3
Added Pin To Net: NetName=QSPI  BK1  NCS Pin=R18-2
Added Pin To Net: NetName=QSPI  BK1  NCS Pin=U1-G15
Added Net: Name=QSPI  BK1  NCS
Added Pin To Net: NetName=SDMMC2 CK Pin=SD1-5
Added Pin To Net: NetName=SDMMC2 CK Pin=U1-B11
Added Net: Name=SDMMC2 CK
Added Pin To Net: NetName=SDMMC2 CMD Pin=R21-1
Added Pin To Net: NetName=SDMMC2 CMD Pin=SD1-3
Added Pin To Net: NetName=SDMMC2 CMD Pin=U1-C11
Added Net: Name=SDMMC2 CMD
Added Pin To Net: NetName=SDMMC2 D0 Pin=R22-1
Added Pin To Net: NetName=SDMMC2 D0 Pin=SD1-7
Added Pin To Net: NetName=SDMMC2 D0 Pin=U1-U15
Added Net: Name=SDMMC2 D0
Added Pin To Net: NetName=SDMMC2 D1 Pin=R23-1
Added Pin To Net: NetName=SDMMC2 D1 Pin=SD1-8
Added Pin To Net: NetName=SDMMC2 D1 Pin=U1-T15
Added Net: Name=SDMMC2 D1
Added Pin To Net: NetName=SDMMC2 D2 Pin=R19-1
Added Pin To Net: NetName=SDMMC2 D2 Pin=SD1-1
Added Pin To Net: NetName=SDMMC2 D2 Pin=U1-C6
Added Net: Name=SDMMC2 D2
Added Pin To Net: NetName=SDMMC2 D3 Pin=R20-1
Added Pin To Net: NetName=SDMMC2 D3 Pin=SD1-2
Added Pin To Net: NetName=SDMMC2 D3 Pin=U1-B7
Added Net: Name=SDMMC2 D3
Added Pin To Net: NetName=TCK Pin=J1-3
Added Net: Name=TCK
Added Pin To Net: NetName=TMS Pin=J1-4
Added Net: Name=TMS
Added Pin To Net: NetName=TP_SCL Pin=U1-P3
Added Net: Name=TP_SCL
Added Pin To Net: NetName=TP_SDA Pin=U1-P4
Added Net: Name=TP_SDA
Added Pin To Net: NetName=TP INT Pin=J9-4
Added Net: Name=TP INT
Added Pin To Net: NetName=TP RST Pin=J9-1
Added Net: Name=TP RST
Added Pin To Net: NetName=TP SCL Pin=J9-6
Added Net: Name=TP SCL
Added Pin To Net: NetName=TP SDA Pin=J9-5
Added Net: Name=TP SDA
Added Pin To Net: NetName=USART1 RX Pin=J2-2
Added Pin To Net: NetName=USART1 RX Pin=U1-D14
Added Net: Name=USART1 RX
Added Pin To Net: NetName=USART1 TX Pin=J2-1
Added Pin To Net: NetName=USART1 TX Pin=U1-D15
Added Net: Name=USART1 TX
Added Pin To Net: NetName=USART3 RX Pin=J3-2
Added Net: Name=USART3 RX
Added Pin To Net: NetName=USART3 TX Pin=J3-1
Added Pin To Net: NetName=USART3 TX Pin=U1-A13
Added Pin To Net: NetName=USART3 TX Pin=U1-B13
Added Net: Name=USART3 TX
Added Pin To Net: NetName=USART5 RX Pin=J4-2
Added Net: Name=USART5 RX
Added Pin To Net: NetName=USART5 TX Pin=J4-1
Added Pin To Net: NetName=USART5 TX Pin=U1-C12
Added Net: Name=USART5 TX
Added Pin To Net: NetName=USB 5V Pin=R14-2
Added Pin To Net: NetName=USB 5V Pin=U2-A4
Added Pin To Net: NetName=USB 5V Pin=U3-5
Added Net: Name=USB 5V
Added Pin To Net: NetName=USB  DM Pin=U1-E17
Added Pin To Net: NetName=USB  DM Pin=U2-A7
Added Pin To Net: NetName=USB  DM Pin=U2-B7
Added Net: Name=USB  DM
Added Pin To Net: NetName=USB  DP Pin=U1-E16
Added Pin To Net: NetName=USB  DP Pin=U2-A6
Added Pin To Net: NetName=USB  DP Pin=U2-B6
Added Net: Name=USB  DP
Added Pin To Net: NetName=VBAT Pin=U1-B1
Added Net: Name=VBAT
Added Class: Name=INTERFACE
Added Class: Name=LCD
Added Class: Name=STM32_PINS
Added Class: Name=stm32_vcc
Added Class: Name=Store
Added Room: Name=INTERFACE
Added Room: Name=LCD
Added Room: Name=STM32_PINS
Added Room: Name=stm32_vcc
Added Room: Name=Store
